<?xml version="1.0" encoding="UTF-8"?>
<!-- Generated by org.testng.reporters.JUnitXMLReporter -->
<testsuite ignored="0" hostname="LAPTOP-TAMTA" failures="0" tests="6" name="Surefire test" time="2.829" errors="0" timestamp="2025-01-19T08:30:49 IST">
  <testcase classname="testScript.EmployeeManagementTest" name="@BeforeTest setup" time="2.778">
    <failure type="org.openqa.selenium.remote.NoSuchDriverException" message="Unable to obtain: Capabilities {browserName: chrome, goog:chromeOptions: {args: [--remote-allow-origins=*], extensions: []}}">
      <![CDATA[org.openqa.selenium.remote.NoSuchDriverException: Unable to obtain: Capabilities {browserName: chrome, goog:chromeOptions: {args: [--remote-allow-origins=*], extensions: []}}
at org.openqa.selenium.remote.service.DriverFinder.getPath(DriverFinder.java:29)
at org.openqa.selenium.chrome.ChromeDriver.generateExecutor(ChromeDriver.java:98)
at org.openqa.selenium.chrome.ChromeDriver.<init>(ChromeDriver.java:87)
at org.openqa.selenium.chrome.ChromeDriver.<init>(ChromeDriver.java:82)
at org.openqa.selenium.chrome.ChromeDriver.<init>(ChromeDriver.java:50)
at testScript.EmployeeManagementTest.setup(EmployeeManagementTest.java:24)
Caused by: org.openqa.selenium.WebDriverException: Unsuccessful command executed: [C:\Users\tamta\AppData\Local\Temp\selenium-manager725409373820016517368836527990186\selenium-manager.exe, --browser, chrome, --output, json]
The chromedriver version cannot be discovered
Build info: version: '4.10.0', revision: 'c14d967899'
System info: os.name: 'Windows 11', os.arch: 'amd64', os.version: '10.0', java.version: '21.0.5'
Driver info: driver.version: ChromeDriver
at org.openqa.selenium.manager.SeleniumManager.runCommand(SeleniumManager.java:130)
at org.openqa.selenium.manager.SeleniumManager.getDriverPath(SeleniumManager.java:251)
at org.openqa.selenium.remote.service.DriverFinder.getPath(DriverFinder.java:27)
... 32 more
... Removed 27 stack frames]]>
    </failure>
  </testcase> <!-- @BeforeTest setup -->
  <testcase classname="testScript.loginTest" name="@BeforeTest setup" time="-1.737255649762E9">
    <skipped/>
  </testcase> <!-- @BeforeTest setup -->
  <testcase classname="testScript.EmployeeManagementTest" name="@AfterTest logout" time="-1.737255649792E9">
    <skipped/>
  </testcase> <!-- @AfterTest logout -->
  <testcase classname="testScript.EmployeeManagementTest" name="addEmployeeTest" time="0.0">
    <skipped/>
  </testcase> <!-- addEmployeeTest -->
  <testcase classname="testScript.EmployeeManagementTest" name="editEmployeeTest" time="0.0">
    <skipped/>
  </testcase> <!-- editEmployeeTest -->
  <testcase classname="testScript.loginTest" name="invalid_login" time="0.0">
    <skipped/>
  </testcase> <!-- invalid_login -->
  <testcase classname="testScript.loginTest" name="loginWithoutDetails" time="0.0">
    <skipped/>
  </testcase> <!-- loginWithoutDetails -->
  <testcase classname="testScript.loginTest" name="loginAttemptsExceeds" time="0.0">
    <skipped/>
  </testcase> <!-- loginAttemptsExceeds -->
  <testcase classname="testScript.loginTest" name="valid_login" time="0.0">
    <skipped/>
  </testcase> <!-- valid_login -->
</testsuite> <!-- Surefire test -->
