<!DOCTYPE html>

<html>
  <head>
  <meta charset='utf-8'>
  <title>TestNG reports</title>

    <link type="text/css" href="testng-reports1.css" rel="stylesheet" id="ultra" />
    <link type="text/css" href="testng-reports.css" rel="stylesheet" id="retro" disabled="false"/>
    <script type="text/javascript" src="jquery.min.js"></script>
    <script type="text/javascript" src="testng-reports.js"></script>
    <script type="text/javascript" src="https://www.google.com/jsapi"></script>
    <script type='text/javascript'>
      google.load('visualization', '1', {packages:['table']});
      google.setOnLoadCallback(drawTable);
      var suiteTableInitFunctions = new Array();
      var suiteTableData = new Array();
    </script>
    <!--
      <script type="text/javascript" src="jquery-ui/js/jquery-ui-1.8.16.custom.min.js"></script>
     -->
  </head>

  <body>
    <div class="top-banner-root">
      <span class="top-banner-title-font">Test results</span>
      <button id="button" class="button">Switch Retro Theme</button> <!-- button -->
      <br/>
      <span class="top-banner-font-1">1 suite</span>
    </div> <!-- top-banner-root -->
    <div class="navigator-root">
      <div class="navigator-suite-header">
        <span>All suites</span>
        <a href="#" title="Collapse/expand all the suites" class="collapse-all-link">
          <img src="collapseall.gif" class="collapse-all-icon">
          </img> <!-- collapse-all-icon -->
        </a> <!-- collapse-all-link -->
      </div> <!-- navigator-suite-header -->
      <div class="suite">
        <div class="rounded-window">
          <div class="suite-header light-rounded-window-top">
            <a href="#" panel-name="suite-Surefire_suite" class="navigator-link">
              <span class="suite-name border-skipped">Surefire suite</span>
            </a> <!-- navigator-link -->
          </div> <!-- suite-header light-rounded-window-top -->
          <div class="navigator-suite-content">
            <div class="suite-section-title">
              <span>Info</span>
            </div> <!-- suite-section-title -->
            <div class="suite-section-content">
              <ul>
                <li>
                  <a href="#" panel-name="test-xml-Surefire_suite" class="navigator-link ">
                    <span>[unset file name]</span>
                  </a> <!-- navigator-link  -->
                </li>
                <li>
                  <a href="#" panel-name="testlist-Surefire_suite" class="navigator-link ">
                    <span class="test-stats">1 test</span>
                  </a> <!-- navigator-link  -->
                </li>
                <li>
                  <a href="#" panel-name="group-Surefire_suite" class="navigator-link ">
                    <span>0 groups</span>
                  </a> <!-- navigator-link  -->
                </li>
                <li>
                  <a href="#" panel-name="times-Surefire_suite" class="navigator-link ">
                    <span>Times</span>
                  </a> <!-- navigator-link  -->
                </li>
                <li>
                  <a href="#" panel-name="reporter-Surefire_suite" class="navigator-link ">
                    <span>Reporter output</span>
                  </a> <!-- navigator-link  -->
                </li>
                <li>
                  <a href="#" panel-name="ignored-methods-Surefire_suite" class="navigator-link ">
                    <span>Ignored methods</span>
                  </a> <!-- navigator-link  -->
                </li>
                <li>
                  <a href="#" panel-name="chronological-Surefire_suite" class="navigator-link ">
                    <span>Chronological view</span>
                  </a> <!-- navigator-link  -->
                </li>
              </ul>
            </div> <!-- suite-section-content -->
            <div class="result-section">
              <div class="suite-section-title">
                <span>Results</span>
              </div> <!-- suite-section-title -->
              <div class="suite-section-content">
                <ul>
                  <li>
                    <span class="method-stats">6 methods,  6 skipped,  </span>
                  </li>
                  <li>
                    <span class="method-list-title skipped">Skipped methods</span>
                    <span class="show-or-hide-methods skipped">
                      <a href="#" panel-name="suite-Surefire_suite" class="hide-methods skipped suite-Surefire_suite"> (hide)</a> <!-- hide-methods skipped suite-Surefire_suite -->
                      <a href="#" panel-name="suite-Surefire_suite" class="show-methods skipped suite-Surefire_suite"> (show)</a> <!-- show-methods skipped suite-Surefire_suite -->
                    </span>
                    <div class="method-list-content skipped suite-Surefire_suite">
                      <span>
                        <img src="skipped.png" width="3%"/>
                        <a href="#" panel-name="suite-Surefire_suite" title="testScript.EmployeeManagementTest" class="method navigator-link" hash-for-method="addEmployeeTest">addEmployeeTest</a> <!-- method navigator-link -->
                      </span>
                      <br/>
                      <span>
                        <img src="skipped.png" width="3%"/>
                        <a href="#" panel-name="suite-Surefire_suite" title="testScript.EmployeeManagementTest" class="method navigator-link" hash-for-method="editEmployeeTest">editEmployeeTest</a> <!-- method navigator-link -->
                      </span>
                      <br/>
                      <span>
                        <img src="skipped.png" width="3%"/>
                        <a href="#" panel-name="suite-Surefire_suite" title="testScript.loginTest" class="method navigator-link" hash-for-method="invalid_login">invalid_login</a> <!-- method navigator-link -->
                      </span>
                      <br/>
                      <span>
                        <img src="skipped.png" width="3%"/>
                        <a href="#" panel-name="suite-Surefire_suite" title="testScript.loginTest" class="method navigator-link" hash-for-method="loginAttemptsExceeds">loginAttemptsExceeds</a> <!-- method navigator-link -->
                      </span>
                      <br/>
                      <span>
                        <img src="skipped.png" width="3%"/>
                        <a href="#" panel-name="suite-Surefire_suite" title="testScript.loginTest" class="method navigator-link" hash-for-method="loginWithoutDetails">loginWithoutDetails</a> <!-- method navigator-link -->
                      </span>
                      <br/>
                      <span>
                        <img src="skipped.png" width="3%"/>
                        <a href="#" panel-name="suite-Surefire_suite" title="testScript.loginTest" class="method navigator-link" hash-for-method="valid_login">valid_login</a> <!-- method navigator-link -->
                      </span>
                      <br/>
                    </div> <!-- method-list-content skipped suite-Surefire_suite -->
                  </li>
                </ul>
              </div> <!-- suite-section-content -->
            </div> <!-- result-section -->
          </div> <!-- navigator-suite-content -->
        </div> <!-- rounded-window -->
      </div> <!-- suite -->
    </div> <!-- navigator-root -->
    <div class="wrapper">
      <div class="main-panel-root">
        <div panel-name="suite-Surefire_suite" class="panel Surefire_suite">
          <div class="suite-Surefire_suite-class-skipped">
            <div class="main-panel-header rounded-window-top">
              <img src="skipped.png"/>
              <span class="class-name">testScript.loginTest</span>
            </div> <!-- main-panel-header rounded-window-top -->
            <div class="main-panel-content rounded-window-bottom">
              <div class="method">
                <div class="method-content">
                  <a name="invalid_login">
                  </a> <!-- invalid_login -->
                  <span class="method-name">invalid_login</span>
                  <div class="stack-trace">org.openqa.selenium.remote.NoSuchDriverException: Unable to obtain: Capabilities {browserName: chrome, goog:chromeOptions: {args: [--remote-allow-origins=*], extensions: []}}
	at org.openqa.selenium.remote.service.DriverFinder.getPath(DriverFinder.java:29)
	at org.openqa.selenium.chrome.ChromeDriver.generateExecutor(ChromeDriver.java:98)
	at org.openqa.selenium.chrome.ChromeDriver.&lt;init&gt;(ChromeDriver.java:87)
	at org.openqa.selenium.chrome.ChromeDriver.&lt;init&gt;(ChromeDriver.java:82)
	at org.openqa.selenium.chrome.ChromeDriver.&lt;init&gt;(ChromeDriver.java:50)
	at testScript.EmployeeManagementTest.setup(EmployeeManagementTest.java:24)
Caused by: org.openqa.selenium.WebDriverException: Unsuccessful command executed: [C:\Users\tamta\AppData\Local\Temp\selenium-manager725409373820016517368836527990186\selenium-manager.exe, --browser, chrome, --output, json]
The chromedriver version cannot be discovered
Build info: version: &apos;4.10.0&apos;, revision: &apos;c14d967899&apos;
System info: os.name: &apos;Windows 11&apos;, os.arch: &apos;amd64&apos;, os.version: &apos;10.0&apos;, java.version: &apos;21.0.5&apos;
Driver info: driver.version: ChromeDriver
	at org.openqa.selenium.manager.SeleniumManager.runCommand(SeleniumManager.java:130)
	at org.openqa.selenium.manager.SeleniumManager.getDriverPath(SeleniumManager.java:251)
	at org.openqa.selenium.remote.service.DriverFinder.getPath(DriverFinder.java:27)
	... 32 more
... Removed 27 stack frames
</div> <!-- stack-trace -->
                </div> <!-- method-content -->
              </div> <!-- method -->
              <div class="method">
                <div class="method-content">
                  <a name="loginAttemptsExceeds">
                  </a> <!-- loginAttemptsExceeds -->
                  <span class="method-name">loginAttemptsExceeds</span>
                  <div class="stack-trace">org.openqa.selenium.remote.NoSuchDriverException: Unable to obtain: Capabilities {browserName: chrome, goog:chromeOptions: {args: [--remote-allow-origins=*], extensions: []}}
	at org.openqa.selenium.remote.service.DriverFinder.getPath(DriverFinder.java:29)
	at org.openqa.selenium.chrome.ChromeDriver.generateExecutor(ChromeDriver.java:98)
	at org.openqa.selenium.chrome.ChromeDriver.&lt;init&gt;(ChromeDriver.java:87)
	at org.openqa.selenium.chrome.ChromeDriver.&lt;init&gt;(ChromeDriver.java:82)
	at org.openqa.selenium.chrome.ChromeDriver.&lt;init&gt;(ChromeDriver.java:50)
	at testScript.EmployeeManagementTest.setup(EmployeeManagementTest.java:24)
Caused by: org.openqa.selenium.WebDriverException: Unsuccessful command executed: [C:\Users\tamta\AppData\Local\Temp\selenium-manager725409373820016517368836527990186\selenium-manager.exe, --browser, chrome, --output, json]
The chromedriver version cannot be discovered
Build info: version: &apos;4.10.0&apos;, revision: &apos;c14d967899&apos;
System info: os.name: &apos;Windows 11&apos;, os.arch: &apos;amd64&apos;, os.version: &apos;10.0&apos;, java.version: &apos;21.0.5&apos;
Driver info: driver.version: ChromeDriver
	at org.openqa.selenium.manager.SeleniumManager.runCommand(SeleniumManager.java:130)
	at org.openqa.selenium.manager.SeleniumManager.getDriverPath(SeleniumManager.java:251)
	at org.openqa.selenium.remote.service.DriverFinder.getPath(DriverFinder.java:27)
	... 32 more
... Removed 27 stack frames
</div> <!-- stack-trace -->
                </div> <!-- method-content -->
              </div> <!-- method -->
              <div class="method">
                <div class="method-content">
                  <a name="loginWithoutDetails">
                  </a> <!-- loginWithoutDetails -->
                  <span class="method-name">loginWithoutDetails</span>
                  <div class="stack-trace">org.openqa.selenium.remote.NoSuchDriverException: Unable to obtain: Capabilities {browserName: chrome, goog:chromeOptions: {args: [--remote-allow-origins=*], extensions: []}}
	at org.openqa.selenium.remote.service.DriverFinder.getPath(DriverFinder.java:29)
	at org.openqa.selenium.chrome.ChromeDriver.generateExecutor(ChromeDriver.java:98)
	at org.openqa.selenium.chrome.ChromeDriver.&lt;init&gt;(ChromeDriver.java:87)
	at org.openqa.selenium.chrome.ChromeDriver.&lt;init&gt;(ChromeDriver.java:82)
	at org.openqa.selenium.chrome.ChromeDriver.&lt;init&gt;(ChromeDriver.java:50)
	at testScript.EmployeeManagementTest.setup(EmployeeManagementTest.java:24)
Caused by: org.openqa.selenium.WebDriverException: Unsuccessful command executed: [C:\Users\tamta\AppData\Local\Temp\selenium-manager725409373820016517368836527990186\selenium-manager.exe, --browser, chrome, --output, json]
The chromedriver version cannot be discovered
Build info: version: &apos;4.10.0&apos;, revision: &apos;c14d967899&apos;
System info: os.name: &apos;Windows 11&apos;, os.arch: &apos;amd64&apos;, os.version: &apos;10.0&apos;, java.version: &apos;21.0.5&apos;
Driver info: driver.version: ChromeDriver
	at org.openqa.selenium.manager.SeleniumManager.runCommand(SeleniumManager.java:130)
	at org.openqa.selenium.manager.SeleniumManager.getDriverPath(SeleniumManager.java:251)
	at org.openqa.selenium.remote.service.DriverFinder.getPath(DriverFinder.java:27)
	... 32 more
... Removed 27 stack frames
</div> <!-- stack-trace -->
                </div> <!-- method-content -->
              </div> <!-- method -->
              <div class="method">
                <div class="method-content">
                  <a name="valid_login">
                  </a> <!-- valid_login -->
                  <span class="method-name">valid_login</span>
                  <div class="stack-trace">org.openqa.selenium.remote.NoSuchDriverException: Unable to obtain: Capabilities {browserName: chrome, goog:chromeOptions: {args: [--remote-allow-origins=*], extensions: []}}
	at org.openqa.selenium.remote.service.DriverFinder.getPath(DriverFinder.java:29)
	at org.openqa.selenium.chrome.ChromeDriver.generateExecutor(ChromeDriver.java:98)
	at org.openqa.selenium.chrome.ChromeDriver.&lt;init&gt;(ChromeDriver.java:87)
	at org.openqa.selenium.chrome.ChromeDriver.&lt;init&gt;(ChromeDriver.java:82)
	at org.openqa.selenium.chrome.ChromeDriver.&lt;init&gt;(ChromeDriver.java:50)
	at testScript.EmployeeManagementTest.setup(EmployeeManagementTest.java:24)
Caused by: org.openqa.selenium.WebDriverException: Unsuccessful command executed: [C:\Users\tamta\AppData\Local\Temp\selenium-manager725409373820016517368836527990186\selenium-manager.exe, --browser, chrome, --output, json]
The chromedriver version cannot be discovered
Build info: version: &apos;4.10.0&apos;, revision: &apos;c14d967899&apos;
System info: os.name: &apos;Windows 11&apos;, os.arch: &apos;amd64&apos;, os.version: &apos;10.0&apos;, java.version: &apos;21.0.5&apos;
Driver info: driver.version: ChromeDriver
	at org.openqa.selenium.manager.SeleniumManager.runCommand(SeleniumManager.java:130)
	at org.openqa.selenium.manager.SeleniumManager.getDriverPath(SeleniumManager.java:251)
	at org.openqa.selenium.remote.service.DriverFinder.getPath(DriverFinder.java:27)
	... 32 more
... Removed 27 stack frames
</div> <!-- stack-trace -->
                </div> <!-- method-content -->
              </div> <!-- method -->
            </div> <!-- main-panel-content rounded-window-bottom -->
          </div> <!-- suite-Surefire_suite-class-skipped -->
          <div class="suite-Surefire_suite-class-skipped">
            <div class="main-panel-header rounded-window-top">
              <img src="skipped.png"/>
              <span class="class-name">testScript.EmployeeManagementTest</span>
            </div> <!-- main-panel-header rounded-window-top -->
            <div class="main-panel-content rounded-window-bottom">
              <div class="method">
                <div class="method-content">
                  <a name="addEmployeeTest">
                  </a> <!-- addEmployeeTest -->
                  <span class="method-name">addEmployeeTest</span>
                  <div class="stack-trace">org.openqa.selenium.remote.NoSuchDriverException: Unable to obtain: Capabilities {browserName: chrome, goog:chromeOptions: {args: [--remote-allow-origins=*], extensions: []}}
	at org.openqa.selenium.remote.service.DriverFinder.getPath(DriverFinder.java:29)
	at org.openqa.selenium.chrome.ChromeDriver.generateExecutor(ChromeDriver.java:98)
	at org.openqa.selenium.chrome.ChromeDriver.&lt;init&gt;(ChromeDriver.java:87)
	at org.openqa.selenium.chrome.ChromeDriver.&lt;init&gt;(ChromeDriver.java:82)
	at org.openqa.selenium.chrome.ChromeDriver.&lt;init&gt;(ChromeDriver.java:50)
	at testScript.EmployeeManagementTest.setup(EmployeeManagementTest.java:24)
Caused by: org.openqa.selenium.WebDriverException: Unsuccessful command executed: [C:\Users\tamta\AppData\Local\Temp\selenium-manager725409373820016517368836527990186\selenium-manager.exe, --browser, chrome, --output, json]
The chromedriver version cannot be discovered
Build info: version: &apos;4.10.0&apos;, revision: &apos;c14d967899&apos;
System info: os.name: &apos;Windows 11&apos;, os.arch: &apos;amd64&apos;, os.version: &apos;10.0&apos;, java.version: &apos;21.0.5&apos;
Driver info: driver.version: ChromeDriver
	at org.openqa.selenium.manager.SeleniumManager.runCommand(SeleniumManager.java:130)
	at org.openqa.selenium.manager.SeleniumManager.getDriverPath(SeleniumManager.java:251)
	at org.openqa.selenium.remote.service.DriverFinder.getPath(DriverFinder.java:27)
	... 32 more
... Removed 27 stack frames
</div> <!-- stack-trace -->
                </div> <!-- method-content -->
              </div> <!-- method -->
              <div class="method">
                <div class="method-content">
                  <a name="editEmployeeTest">
                  </a> <!-- editEmployeeTest -->
                  <span class="method-name">editEmployeeTest</span>
                  <div class="stack-trace">org.openqa.selenium.remote.NoSuchDriverException: Unable to obtain: Capabilities {browserName: chrome, goog:chromeOptions: {args: [--remote-allow-origins=*], extensions: []}}
	at org.openqa.selenium.remote.service.DriverFinder.getPath(DriverFinder.java:29)
	at org.openqa.selenium.chrome.ChromeDriver.generateExecutor(ChromeDriver.java:98)
	at org.openqa.selenium.chrome.ChromeDriver.&lt;init&gt;(ChromeDriver.java:87)
	at org.openqa.selenium.chrome.ChromeDriver.&lt;init&gt;(ChromeDriver.java:82)
	at org.openqa.selenium.chrome.ChromeDriver.&lt;init&gt;(ChromeDriver.java:50)
	at testScript.EmployeeManagementTest.setup(EmployeeManagementTest.java:24)
Caused by: org.openqa.selenium.WebDriverException: Unsuccessful command executed: [C:\Users\tamta\AppData\Local\Temp\selenium-manager725409373820016517368836527990186\selenium-manager.exe, --browser, chrome, --output, json]
The chromedriver version cannot be discovered
Build info: version: &apos;4.10.0&apos;, revision: &apos;c14d967899&apos;
System info: os.name: &apos;Windows 11&apos;, os.arch: &apos;amd64&apos;, os.version: &apos;10.0&apos;, java.version: &apos;21.0.5&apos;
Driver info: driver.version: ChromeDriver
	at org.openqa.selenium.manager.SeleniumManager.runCommand(SeleniumManager.java:130)
	at org.openqa.selenium.manager.SeleniumManager.getDriverPath(SeleniumManager.java:251)
	at org.openqa.selenium.remote.service.DriverFinder.getPath(DriverFinder.java:27)
	... 32 more
... Removed 27 stack frames
</div> <!-- stack-trace -->
                </div> <!-- method-content -->
              </div> <!-- method -->
            </div> <!-- main-panel-content rounded-window-bottom -->
          </div> <!-- suite-Surefire_suite-class-skipped -->
        </div> <!-- panel Surefire_suite -->
        <div panel-name="test-xml-Surefire_suite" class="panel">
          <div class="main-panel-header rounded-window-top">
          </div> <!-- main-panel-header rounded-window-top -->
          <div class="main-panel-content rounded-window-bottom">
            <pre>
&lt;?xml version=&quot;1.0&quot; encoding=&quot;UTF-8&quot;?&gt;
&lt;!DOCTYPE suite SYSTEM &quot;https://testng.org/testng-1.0.dtd&quot;&gt;
&lt;suite name=&quot;Surefire suite&quot; verbose=&quot;0&quot;&gt;
  &lt;test thread-count=&quot;5&quot; name=&quot;Surefire test&quot; verbose=&quot;0&quot;&gt;
    &lt;classes&gt;
      &lt;class name=&quot;testScript.EmployeeManagementTest&quot;/&gt;
      &lt;class name=&quot;testScript.loginTest&quot;/&gt;
    &lt;/classes&gt;
  &lt;/test&gt; &lt;!-- Surefire test --&gt;
&lt;/suite&gt; &lt;!-- Surefire suite --&gt;
            </pre>
          </div> <!-- main-panel-content rounded-window-bottom -->
        </div> <!-- panel -->
        <div panel-name="testlist-Surefire_suite" class="panel">
          <div class="main-panel-header rounded-window-top">
            <span class="header-content">Tests for Surefire suite</span>
          </div> <!-- main-panel-header rounded-window-top -->
          <div class="main-panel-content rounded-window-bottom">
            <ul>
              <li>
                <span class="test-name">Surefire test (2 classes)</span>
              </li>
            </ul>
          </div> <!-- main-panel-content rounded-window-bottom -->
        </div> <!-- panel -->
        <div panel-name="group-Surefire_suite" class="panel">
          <div class="main-panel-header rounded-window-top">
            <span class="header-content">Groups for Surefire suite</span>
          </div> <!-- main-panel-header rounded-window-top -->
          <div class="main-panel-content rounded-window-bottom">
          </div> <!-- main-panel-content rounded-window-bottom -->
        </div> <!-- panel -->
        <div panel-name="times-Surefire_suite" class="panel">
          <div class="main-panel-header rounded-window-top">
            <span class="header-content">Times for Surefire suite</span>
          </div> <!-- main-panel-header rounded-window-top -->
          <div class="main-panel-content rounded-window-bottom">
            <div class="times-div">
              <script type="text/javascript">
suiteTableInitFunctions.push('tableData_Surefire_suite');
function tableData_Surefire_suite() {
var data = new google.visualization.DataTable();
data.addColumn('number', 'Number');
data.addColumn('string', 'Method');
data.addColumn('string', 'Class');
data.addColumn('number', 'Time (ms)');
data.addRows(6);
data.setCell(0, 0, 0)
data.setCell(0, 1, 'editEmployeeTest')
data.setCell(0, 2, 'testScript.EmployeeManagementTest')
data.setCell(0, 3, 0);
data.setCell(1, 0, 1)
data.setCell(1, 1, 'addEmployeeTest')
data.setCell(1, 2, 'testScript.EmployeeManagementTest')
data.setCell(1, 3, 0);
data.setCell(2, 0, 2)
data.setCell(2, 1, 'invalid_login')
data.setCell(2, 2, 'testScript.loginTest')
data.setCell(2, 3, 0);
data.setCell(3, 0, 3)
data.setCell(3, 1, 'valid_login')
data.setCell(3, 2, 'testScript.loginTest')
data.setCell(3, 3, 0);
data.setCell(4, 0, 4)
data.setCell(4, 1, 'loginWithoutDetails')
data.setCell(4, 2, 'testScript.loginTest')
data.setCell(4, 3, 0);
data.setCell(5, 0, 5)
data.setCell(5, 1, 'loginAttemptsExceeds')
data.setCell(5, 2, 'testScript.loginTest')
data.setCell(5, 3, 0);
window.suiteTableData['Surefire_suite']= { tableData: data, tableDiv: 'times-div-Surefire_suite'}
return data;
}
              </script>
              <span class="suite-total-time">Total running time: 0 ms</span>
              <div id="times-div-Surefire_suite">
              </div> <!-- times-div-Surefire_suite -->
            </div> <!-- times-div -->
          </div> <!-- main-panel-content rounded-window-bottom -->
        </div> <!-- panel -->
        <div panel-name="reporter-Surefire_suite" class="panel">
          <div class="main-panel-header rounded-window-top">
            <span class="header-content">Reporter output for Surefire suite</span>
          </div> <!-- main-panel-header rounded-window-top -->
          <div class="main-panel-content rounded-window-bottom">
          </div> <!-- main-panel-content rounded-window-bottom -->
        </div> <!-- panel -->
        <div panel-name="ignored-methods-Surefire_suite" class="panel">
          <div class="main-panel-header rounded-window-top">
            <span class="header-content">0 ignored methods</span>
          </div> <!-- main-panel-header rounded-window-top -->
          <div class="main-panel-content rounded-window-bottom">
          </div> <!-- main-panel-content rounded-window-bottom -->
        </div> <!-- panel -->
        <div panel-name="chronological-Surefire_suite" class="panel">
          <div class="main-panel-header rounded-window-top">
            <span class="header-content">Methods in chronological order</span>
          </div> <!-- main-panel-header rounded-window-top -->
          <div class="main-panel-content rounded-window-bottom">
            <div class="chronological-class">
              <div class="chronological-class-name">testScript.EmployeeManagementTest</div> <!-- chronological-class-name -->
              <div class="configuration-test before">
                <img src="failed.png">
                </img>
                <span class="method-name">setup</span>
                <span class="method-start">0 ms</span>
              </div> <!-- configuration-test before -->
            </div> <!-- chronological-class -->
            <div class="chronological-class">
              <div class="chronological-class-name">testScript.loginTest</div> <!-- chronological-class-name -->
              <div class="configuration-test before">
                <span class="method-name">setup</span>
                <span class="method-start">2789 ms</span>
              </div> <!-- configuration-test before -->
            </div> <!-- chronological-class -->
            <div class="chronological-class">
              <div class="chronological-class-name">testScript.EmployeeManagementTest</div> <!-- chronological-class-name -->
              <div class="test-method">
                <span class="method-name">editEmployeeTest</span>
                <span class="method-start">2810 ms</span>
              </div> <!-- test-method -->
              <div class="test-method">
                <span class="method-name">addEmployeeTest</span>
                <span class="method-start">2810 ms</span>
              </div> <!-- test-method -->
            </div> <!-- chronological-class -->
            <div class="chronological-class">
              <div class="chronological-class-name">testScript.loginTest</div> <!-- chronological-class-name -->
              <div class="test-method">
                <span class="method-name">invalid_login</span>
                <span class="method-start">2810 ms</span>
              </div> <!-- test-method -->
            </div> <!-- chronological-class -->
            <div class="chronological-class">
              <div class="chronological-class-name">testScript.EmployeeManagementTest</div> <!-- chronological-class-name -->
              <div class="configuration-test after">
                <span class="method-name">logout</span>
                <span class="method-start">2819 ms</span>
              </div> <!-- configuration-test after -->
            </div> <!-- chronological-class -->
            <div class="chronological-class">
              <div class="chronological-class-name">testScript.loginTest</div> <!-- chronological-class-name -->
              <div class="test-method">
                <span class="method-name">valid_login</span>
                <span class="method-start">2819 ms</span>
              </div> <!-- test-method -->
              <div class="test-method">
                <span class="method-name">loginWithoutDetails</span>
                <span class="method-start">2819 ms</span>
              </div> <!-- test-method -->
              <div class="test-method">
                <span class="method-name">loginAttemptsExceeds</span>
                <span class="method-start">2819 ms</span>
              </div> <!-- test-method -->
          </div> <!-- main-panel-content rounded-window-bottom -->
        </div> <!-- panel -->
      </div> <!-- main-panel-root -->
    </div> <!-- wrapper -->
  </body>
<script type="text/javascript" src="testng-reports2.js"></script>
</html>
